


ARM Macro Assembler    Page 1 


    1 00000000                 AREA             mycode, CODE, READONLY
    2 00000000                 ENTRY
    3 00000000                 EXPORT           __main
    4 00000000         __main
    5 00000000 E3A00002        MOV              R0, #2
    6 00000004 E3A01001        MOV              R1, #1
    7 00000008 E3A02003        MOV              R2, #3
    8 0000000C E3A03001        MOV              R3, #1
    9 00000010 E3A0A000        MOV              R10, #0     ;VALUE 
   10 00000014 E3A0B000        MOV              R11, #0     ;SIGN
   11 00000018 E3A0C000        MOV              R12, #0     ;RESULT
   12 0000001C E3A0D000        MOV              R13, #0
   13 00000020 E1A08000        MOV              R8, R0      ; reserve first val
                                                            ue of R0
   14 00000024 E1A09001        MOV              R9, R1      ; reserve first val
                                                            ue of R1
   15 00000028         LOOP
   16 00000028 E35D0005        CMP              R13, #5
   17 0000002C 0A000025        BEQ              HLT
   18 00000030         
   19 00000030         ; for R0
   20 00000030 E1590002        CMP              R9, R2      ; 
   21 00000034 31A0A009        MOVLO            R10, R9
   22 00000038 21A0A002        MOVHS            R10, R2
   23 0000003C E00B0299        MUL              R11, R9, R2
   24 00000040 E35B0000        CMP              R11, #0
   25 00000044 33E0B000        MOVLO            R11, #-1
   26 00000048 83A0B001        MOVHI            R11, #1
   27 0000004C E00C0B9A        MUL              R12, R10, R11
   28 00000050 E080000C        ADD              R0, R0, R12
   29 00000054         
   30 00000054 E1590003        CMP              R9, R3
   31 00000058 31A0A009        MOVLO            R10, R9
   32 0000005C 21A0A003        MOVHS            R10, R3
   33 00000060 E00B0399        MUL              R11, R9, R3
   34 00000064 E35B0000        CMP              R11, #0
   35 00000068 33E0B000        MOVLO            R11, #-1
   36 0000006C 83A0B001        MOVHI            R11, #1
   37 00000070 E00C0B9A        MUL              R12, R10, R11
   38 00000074 E080000C        ADD              R0, R0, R12
   39 00000078         ; for R1 
   40 00000078 E1580002        CMP              R8, R2
   41 0000007C 31A0A008        MOVLO            R10, R8
   42 00000080 21A0A002        MOVHS            R10, R2
   43 00000084 E00B0298        MUL              R11, R8, R2
   44 00000088 E35B0000        CMP              R11, #0
   45 0000008C 33E0B000        MOVLO            R11, #-1
   46 00000090 83A0B001        MOVHI            R11, #1
   47 00000094 E00C0B9A        MUL              R12, R10, R11
   48 00000098 E081100C        ADD              R1, R1, R12
   49 0000009C         
   50 0000009C E1580003        CMP              R8, R3
   51 000000A0 31A0A008        MOVLO            R10, R8
   52 000000A4 21A0A003        MOVHS            R10, R3
   53 000000A8 E00B0398        MUL              R11, R8, R3
   54 000000AC E35B0000        CMP              R11, #0
   55 000000B0 33E0B000        MOVLO            R11, #-1
   56 000000B4 83A0B001        MOVHI            R11, #1
   57 000000B8 E00C0B9A        MUL              R12, R10, R11



ARM Macro Assembler    Page 2 


   58 000000BC E081100C        ADD              R1, R1, R12
   59 000000C0         
   60 000000C0 E28DD001        ADD              R13, R13, #1
   61 000000C4 EAFFFFD7        BAL              LOOP
   62 000000C8         
   63 000000C8         
   64 000000C8         
   65 000000C8         HLT
   66 000000C8 EAFFFFFE        BAL              HLT
   67 000000CC                 END
Command Line: --debug --xref --apcs=interwork --depend=lab7.d -olab7.o -IC:\Kei
l\ARM\CMSIS\Include -IC:\Keil\ARM\INC\Philips --predefine="__EVAL SETA 1" --lis
t=lab7.lst lab7.s



ARM Macro Assembler    Page 1 Alphabetic symbol ordering
Relocatable symbols

HLT 000000C8

Symbol: HLT
   Definitions
      At line 65 in file lab7.s
   Uses
      At line 17 in file lab7.s
      At line 66 in file lab7.s

LOOP 00000028

Symbol: LOOP
   Definitions
      At line 15 in file lab7.s
   Uses
      At line 61 in file lab7.s
Comment: LOOP used once
__main 00000000

Symbol: __main
   Definitions
      At line 4 in file lab7.s
   Uses
      At line 3 in file lab7.s
Comment: __main used once
mycode 00000000

Symbol: mycode
   Definitions
      At line 1 in file lab7.s
   Uses
      None
Comment: mycode unused
4 symbols
328 symbols in table
